<?xml version="1.0" encoding="UTF-8"?>
<!-- Generated by org.testng.reporters.JUnitReportReporter -->
<testsuite hostname="hamedazizi" failures="0" tests="1" name="configurationDemo.TestSeleniumChrome" time="19.973" errors="0" timestamp="07 Feb 2019 23:52:54 GMT" skipped="0">
  <testcase classname="configurationDemo.TestSeleniumChrome" name="testChrome" time="19.973"/>
</testsuite> <!-- configurationDemo.TestSeleniumChrome -->
