<?xml version="1.0" encoding="UTF-8"?>
<!-- Generated by org.testng.reporters.JUnitReportReporter -->
<testsuite hostname="hamedazizi" failures="0" tests="1" name="configurationDemo.TestSeleniumBlog" time="0.012" errors="0" timestamp="07 Feb 2019 01:18:12 GMT" skipped="0">
  <testcase classname="configurationDemo.TestSeleniumBlog" name="testConfig" time="0.012"/>
</testsuite> <!-- configurationDemo.TestSeleniumBlog -->
