<?xml version="1.0" encoding="UTF-8"?>
<!-- Generated by org.testng.reporters.JUnitReportReporter -->
<testsuite hostname="hamedazizi" failures="0" tests="1" name="com.automation.FlightSearch" time="18.247" errors="0" timestamp="28 Nov 2018 20:02:28 GMT" skipped="0">
  <testcase classname="com.automation.FlightSearch" name="testFlightSearch" time="18.247"/>
</testsuite> <!-- com.automation.FlightSearch -->
